<?xml version="1.0" encoding="UTF-8"?>
<Site BuildName="Win32-MSBuild"
	BuildStamp="20260316-2121-Experimental"
	Name="Alpr"
	Generator="ctest-4.1.0"
	CompilerName="C:/Program Files/Microsoft Visual Studio/2022/Community/VC/Tools/MSVC/14.44.35207/bin/Hostx86/x86/cl.exe"
	CompilerVersion="19.44.35217.0"
	OSName="Windows"
	Hostname="Alpr"
	OSRelease=" Professional"
	OSVersion=" (Build 26200)"
	OSPlatform="AMD64"
	Is64Bits="1"
	VendorString="AuthenticAMD"
	VendorID="Advanced Micro Devices"
	FamilyID="15"
	ModelID="4"
	ModelName="AMD Ryzen 7 6800H with Radeon Graphics"
	ProcessorCacheSize="64"
	NumberOfLogicalCPU="16"
	NumberOfPhysicalCPU="8"
	TotalVirtualMemory="27333"
	TotalPhysicalMemory="15557"
	LogicalProcessorsPerPhysical="2"
	ProcessorClockFrequency="3201"
	>
	<Testing>
		<StartDateTime>Mar 19 04:21 Turkey Standard Time</StartDateTime>
		<StartTestTime>1773883287</StartTestTime>
		<TestList/>
		<EndDateTime>Mar 19 04:21 Turkey Standard Time</EndDateTime>
		<EndTestTime>1773883287</EndTestTime>
		<ElapsedMinutes>0</ElapsedMinutes>
	</Testing>
</Site>
